<?xml version="1.0" encoding="UTF-8"?>
<!-- Generated by org.testng.reporters.JUnitReportReporter -->
<testsuite skipped="0" hostname="LAPTOP-GEGNTQL9" name="myPackage.Class2" tests="2" failures="0" timestamp="2021-03-02T16:55:12 GMT" time="0.001" errors="0">
  <testcase name="myAddress" time="0.001" classname="myPackage.Class2"/>
  <system-out/>
  <testcase name="myNumber" time="0.000" classname="myPackage.Class2"/>
  <system-out/>
</testsuite> <!-- myPackage.Class2 -->
