<?xml version="1.0" encoding="UTF-8"?>
<!-- Generated by org.testng.reporters.JUnitReportReporter -->
<testsuite skipped="0" hostname="LAPTOP-GEGNTQL9" name="myPackage.Class1" tests="2" failures="0" timestamp="2021-03-02T16:55:12 GMT" time="0.005" errors="0">
  <testcase name="myAge" time="0.003" classname="myPackage.Class1"/>
  <system-out/>
  <testcase name="myName" time="0.002" classname="myPackage.Class1"/>
  <system-out/>
</testsuite> <!-- myPackage.Class1 -->
